[2025-05-13 13:09:05] Iniciando copia de seguridad...
[2025-05-13 13:09:05] Copia de seguridad completada: /workspaces/asa_cyber/backups/backup_2025-05-13_13-09-05.tar.gz
[2025-05-13 13:09:05] Proceso de copia de seguridad finalizado.
[2025-05-13 16:51:58] Iniciando copia de seguridad...
[2025-05-13 16:51:58] Copia de seguridad completada: /workspaces/asa_cyber/backups/backup_2025-05-13_16-51-58.tar.gz
[2025-05-13 16:51:58] Proceso de copia de seguridad finalizado.
[2025-05-13 16:53:33] Preparant la còpia de seguretat...
[2025-05-13 16:53:35] Analitzant els fitxers i directoris...
[2025-05-13 16:53:38] Començant la compressió dels fitxers...
[2025-05-13 16:53:40] Copia de seguretat completada: /workspaces/asa_cyber/backups/backup_2025-05-13_16-53-33.tar.gz
[2025-05-13 16:53:40] Finalitzant el procés de còpia de seguretat...
[2025-05-13 16:53:42] Procés de còpia de seguretat finalitzat.
[2025-05-14 14:49:45] Preparant la còpia de seguretat...
[2025-05-14 14:49:47] Analitzant els fitxers i directoris...
[2025-05-14 14:49:50] Començant la compressió dels fitxers...
[2025-05-14 14:49:52] Error al realitzar la còpia de seguretat.
[2025-05-14 14:50:46] Preparant la còpia de seguretat...
[2025-05-14 14:50:48] Analitzant els fitxers i directoris...
[2025-05-14 14:50:51] Començant la compressió dels fitxers...
[2025-05-14 14:50:53] Error al realitzar la còpia de seguretat.
[2025-05-14 14:52:50] Preparant la còpia de seguretat...
[2025-05-14 14:52:52] Analitzant els fitxers i directoris...
[2025-05-14 14:52:55] Començant la compressió dels fitxers...
[2025-05-14 14:52:57] Error al realitzar la còpia de seguretat.
[2025-05-14 14:55:39] Preparant la còpia de seguretat...
[2025-05-14 14:55:41] Analitzant els fitxers i directoris...
[2025-05-14 14:55:44] Començant la compressió dels fitxers...
[2025-05-14 14:55:46] Error al realitzar la còpia de seguretat.
[2025-05-14 14:58:09] Iniciando copia de seguridad...
[2025-05-14 14:58:09] Copia de seguridad completada: /workspaces/asa_cyber/backups/backup_2025-05-14_14-58-09.tar.gz
[2025-05-14 14:58:09] Proceso de copia de seguridad finalizado.
[2025-05-14 14:59:47] Iniciando copia de seguridad...
[2025-05-14 14:59:48] Copia de seguridad completada: /workspaces/asa_cyber/backups/backup_2025-05-14_14-59-47.tar.gz
[2025-05-14 14:59:49] Proceso de copia de seguridad finalizado.
[2025-05-14 15:02:05] Iniciando copia de seguridad...
[2025-05-14 15:02:06] Copia de seguridad completada: /workspaces/asa_cyber/backups/backup_2025-05-14_15-02-05.tar.gz
[2025-05-14 15:02:07] Proceso de copia de seguridad finalizado.
